{"C:\\Users\\karee\\Desktop\\react native projects'\\eCompliance\\App.js": {"path":"C:\\Users\\karee\\Desktop\\react native projects'\\eCompliance\\App.js","statementMap":{"0":{"start":{"line":6,"column":23},"end":{"line":14,"column":2}}},"fnMap":{},"branchMap":{},"s":{"0":1},"f":{},"b":{},"_coverageSchema":"43e27e138ebf9cfc5966b082cf9a028302ed4184","hash":"e34e1753a3c5527e164a326883aa804845d9fedc"}
,"C:\\Users\\karee\\Desktop\\react native projects'\\eCompliance\\src\\components\\ListItem.js": {"path":"C:\\Users\\karee\\Desktop\\react native projects'\\eCompliance\\src\\components\\ListItem.js","statementMap":{"0":{"start":{"line":5,"column":2},"end":{"line":14,"column":4}}},"fnMap":{"0":{"name":"(anonymous_0)","decl":{"start":{"line":4,"column":15},"end":{"line":4,"column":16}},"loc":{"start":{"line":4,"column":71},"end":{"line":15,"column":1}},"line":4}},"branchMap":{},"s":{"0":2},"f":{"0":2},"b":{},"_coverageSchema":"43e27e138ebf9cfc5966b082cf9a028302ed4184","hash":"4593f72ea10fcbb03b4b3e5eca2e5b9b4adfc7fb"}
,"C:\\Users\\karee\\Desktop\\react native projects'\\eCompliance\\src\\hooks\\useFetch.js": {"path":"C:\\Users\\karee\\Desktop\\react native projects'\\eCompliance\\src\\hooks\\useFetch.js","statementMap":{"0":{"start":{"line":3,"column":24},"end":{"line":16,"column":1}},"1":{"start":{"line":4,"column":28},"end":{"line":4,"column":65}},"2":{"start":{"line":6,"column":2},"end":{"line":13,"column":22}},"3":{"start":{"line":7,"column":4},"end":{"line":7,"column":61}},"4":{"start":{"line":7,"column":23},"end":{"line":7,"column":58}},"5":{"start":{"line":8,"column":4},"end":{"line":12,"column":9}},"6":{"start":{"line":9,"column":17},"end":{"line":9,"column":25}},"7":{"start":{"line":11,"column":8},"end":{"line":11,"column":46}},"8":{"start":{"line":15,"column":2},"end":{"line":15,"column":15}}},"fnMap":{"0":{"name":"(anonymous_0)","decl":{"start":{"line":3,"column":24},"end":{"line":3,"column":25}},"loc":{"start":{"line":3,"column":31},"end":{"line":16,"column":1}},"line":3},"1":{"name":"(anonymous_1)","decl":{"start":{"line":6,"column":12},"end":{"line":6,"column":13}},"loc":{"start":{"line":6,"column":18},"end":{"line":13,"column":3}},"line":6},"2":{"name":"(anonymous_2)","decl":{"start":{"line":7,"column":13},"end":{"line":7,"column":14}},"loc":{"start":{"line":7,"column":23},"end":{"line":7,"column":58}},"line":7},"3":{"name":"(anonymous_3)","decl":{"start":{"line":9,"column":12},"end":{"line":9,"column":13}},"loc":{"start":{"line":9,"column":17},"end":{"line":9,"column":25}},"line":9},"4":{"name":"(anonymous_4)","decl":{"start":{"line":10,"column":12},"end":{"line":10,"column":13}},"loc":{"start":{"line":10,"column":17},"end":{"line":12,"column":7}},"line":10}},"branchMap":{},"s":{"0":2,"1":4,"2":4,"3":1,"4":1,"5":1,"6":0,"7":0,"8":4},"f":{"0":4,"1":1,"2":1,"3":0,"4":0},"b":{},"_coverageSchema":"43e27e138ebf9cfc5966b082cf9a028302ed4184","hash":"39a9885c17713b07b459927104c703c8e4fddf71"}
,"C:\\Users\\karee\\Desktop\\react native projects'\\eCompliance\\src\\screens\\DetailScreen.js": {"path":"C:\\Users\\karee\\Desktop\\react native projects'\\eCompliance\\src\\screens\\DetailScreen.js","statementMap":{"0":{"start":{"line":6,"column":38},"end":{"line":6,"column":58}},"1":{"start":{"line":7,"column":2},"end":{"line":22,"column":4}},"2":{"start":{"line":25,"column":15},"end":{"line":37,"column":2}}},"fnMap":{"0":{"name":"(anonymous_0)","decl":{"start":{"line":5,"column":30},"end":{"line":5,"column":31}},"loc":{"start":{"line":5,"column":64},"end":{"line":23,"column":1}},"line":5}},"branchMap":{},"s":{"0":2,"1":2,"2":2},"f":{"0":2},"b":{},"_coverageSchema":"43e27e138ebf9cfc5966b082cf9a028302ed4184","hash":"5dd0da880b139187c53622a2d4ae7a0c6a66b00c"}
,"C:\\Users\\karee\\Desktop\\react native projects'\\eCompliance\\src\\screens\\ListScreen.js": {"path":"C:\\Users\\karee\\Desktop\\react native projects'\\eCompliance\\src\\screens\\ListScreen.js","statementMap":{"0":{"start":{"line":7,"column":26},"end":{"line":9,"column":3}},"1":{"start":{"line":12,"column":2},"end":{"line":17,"column":5}},"2":{"start":{"line":13,"column":4},"end":{"line":16,"column":6}},"3":{"start":{"line":19,"column":2},"end":{"line":20,"column":79}},"4":{"start":{"line":20,"column":4},"end":{"line":20,"column":79}},"5":{"start":{"line":22,"column":2},"end":{"line":35,"column":4}},"6":{"start":{"line":25,"column":30},"end":{"line":25,"column":37}},"7":{"start":{"line":28,"column":10},"end":{"line":31,"column":12}},"8":{"start":{"line":30,"column":31},"end":{"line":30,"column":59}},"9":{"start":{"line":38,"column":15},"end":{"line":47,"column":2}}},"fnMap":{"0":{"name":"ListScreen","decl":{"start":{"line":6,"column":24},"end":{"line":6,"column":34}},"loc":{"start":{"line":6,"column":65},"end":{"line":36,"column":1}},"line":6},"1":{"name":"(anonymous_1)","decl":{"start":{"line":12,"column":18},"end":{"line":12,"column":19}},"loc":{"start":{"line":12,"column":26},"end":{"line":17,"column":3}},"line":12},"2":{"name":"(anonymous_2)","decl":{"start":{"line":25,"column":22},"end":{"line":25,"column":23}},"loc":{"start":{"line":25,"column":30},"end":{"line":25,"column":37}},"line":25},"3":{"name":"(anonymous_3)","decl":{"start":{"line":27,"column":20},"end":{"line":27,"column":21}},"loc":{"start":{"line":28,"column":10},"end":{"line":31,"column":12}},"line":28},"4":{"name":"(anonymous_4)","decl":{"start":{"line":30,"column":25},"end":{"line":30,"column":26}},"loc":{"start":{"line":30,"column":31},"end":{"line":30,"column":59}},"line":30}},"branchMap":{"0":{"loc":{"start":{"line":19,"column":2},"end":{"line":20,"column":79}},"type":"if","locations":[{"start":{"line":19,"column":2},"end":{"line":20,"column":79}},{"start":{"line":19,"column":2},"end":{"line":20,"column":79}}],"line":19}},"s":{"0":4,"1":4,"2":0,"3":4,"4":4,"5":0,"6":0,"7":0,"8":0,"9":2},"f":{"0":4,"1":0,"2":0,"3":0,"4":0},"b":{"0":[4,0]},"_coverageSchema":"43e27e138ebf9cfc5966b082cf9a028302ed4184","hash":"69577b4b79c67c3a05e8521e208e78b6175275f5"}
}
