TN:
SF:C:\Users\karee\Desktop\react native projects'\eCompliance\App.js
FNF:0
FNH:0
DA:6,1
LF:1
LH:1
BRF:0
BRH:0
end_of_record
TN:
SF:C:\Users\karee\Desktop\react native projects'\eCompliance\src\components\ListItem.js
FN:4,(anonymous_0)
FNF:1
FNH:1
FNDA:2,(anonymous_0)
DA:5,2
LF:1
LH:1
BRF:0
BRH:0
end_of_record
TN:
SF:C:\Users\karee\Desktop\react native projects'\eCompliance\src\hooks\useFetch.js
FN:3,(anonymous_0)
FN:6,(anonymous_1)
FN:7,(anonymous_2)
FN:9,(anonymous_3)
FN:10,(anonymous_4)
FNF:5
FNH:3
FNDA:4,(anonymous_0)
FNDA:1,(anonymous_1)
FNDA:1,(anonymous_2)
FNDA:0,(anonymous_3)
FNDA:0,(anonymous_4)
DA:3,2
DA:4,4
DA:6,4
DA:7,1
DA:8,1
DA:9,0
DA:11,0
DA:15,4
LF:8
LH:6
BRF:0
BRH:0
end_of_record
TN:
SF:C:\Users\karee\Desktop\react native projects'\eCompliance\src\screens\DetailScreen.js
FN:5,(anonymous_0)
FNF:1
FNH:1
FNDA:2,(anonymous_0)
DA:6,2
DA:7,2
DA:25,2
LF:3
LH:3
BRF:0
BRH:0
end_of_record
TN:
SF:C:\Users\karee\Desktop\react native projects'\eCompliance\src\screens\ListScreen.js
FN:6,ListScreen
FN:12,(anonymous_1)
FN:25,(anonymous_2)
FN:27,(anonymous_3)
FN:30,(anonymous_4)
FNF:5
FNH:1
FNDA:4,ListScreen
FNDA:0,(anonymous_1)
FNDA:0,(anonymous_2)
FNDA:0,(anonymous_3)
FNDA:0,(anonymous_4)
DA:7,4
DA:12,4
DA:13,0
DA:19,4
DA:20,4
DA:22,0
DA:25,0
DA:28,0
DA:30,0
DA:38,2
LF:10
LH:5
BRDA:19,0,0,4
BRDA:19,0,1,0
BRF:2
BRH:1
end_of_record
